\BOOKMARK [0][-]{dummy.1}{\376\377\000\104\000\145\000\143\000\154\000\141\000\162\000\141\000\164\000\151\000\157\000\156}{}% 1
\BOOKMARK [0][-]{dummy.2}{\376\377\000\122\000\145\000\163\000\145\000\141\000\162\000\143\000\150\000\040\000\103\000\157\000\155\000\160\000\154\000\145\000\164\000\151\000\157\000\156\000\040\000\103\000\145\000\162\000\164\000\151\000\146\000\151\000\143\000\141\000\164\000\145}{}% 2
\BOOKMARK [0][-]{dummy.3}{\376\377\000\101\000\143\000\153\000\156\000\157\000\167\000\154\000\145\000\144\000\147\000\145\000\155\000\145\000\156\000\164\000\163}{}% 3
\BOOKMARK [0][-]{dummy.4}{\376\377\000\104\000\145\000\144\000\151\000\143\000\141\000\164\000\151\000\157\000\156}{}% 4
\BOOKMARK [0][-]{dummy.5}{\376\377\000\101\000\142\000\163\000\164\000\162\000\141\000\143\000\164}{}% 5
\BOOKMARK [0][-]{dummy.6}{\376\377\000\103\000\157\000\156\000\164\000\145\000\156\000\164\000\163}{}% 6
\BOOKMARK [0][-]{dummy.8}{\376\377\000\114\000\151\000\163\000\164\000\040\000\157\000\146\000\040\000\124\000\141\000\142\000\154\000\145\000\163}{}% 7
\BOOKMARK [0][-]{dummy.10}{\376\377\000\114\000\151\000\163\000\164\000\040\000\157\000\146\000\040\000\106\000\151\000\147\000\165\000\162\000\145\000\163}{}% 8
\BOOKMARK [0][-]{chapter.12}{\376\377\000\061\000\040\000\111\000\156\000\164\000\162\000\157\000\144\000\165\000\143\000\164\000\151\000\157\000\156}{}% 9
\BOOKMARK [1][-]{section.13}{\376\377\000\061\000\056\000\061\000\040\000\111\000\156\000\164\000\162\000\157\000\144\000\165\000\143\000\164\000\151\000\157\000\156}{chapter.12}% 10
\BOOKMARK [2][-]{subsection.14}{\376\377\000\061\000\056\000\061\000\056\000\061\000\040\000\101\000\142\000\143\000\040}{section.13}% 11
\BOOKMARK [1][-]{section.18}{\376\377\000\061\000\056\000\062\000\040\000\114\000\151\000\164\000\145\000\162\000\141\000\164\000\165\000\162\000\145\000\040\000\122\000\145\000\166\000\151\000\145\000\167}{chapter.12}% 12
\BOOKMARK [0][-]{chapter.19}{\376\377\000\062\000\040\000\122\000\145\000\161\000\165\000\151\000\162\000\145\000\155\000\145\000\156\000\164\000\040\000\123\000\160\000\145\000\143\000\151\000\146\000\151\000\143\000\141\000\164\000\151\000\157\000\156}{}% 13
\BOOKMARK [1][-]{section.20}{\376\377\000\062\000\056\000\061\000\040\000\106\000\165\000\156\000\143\000\164\000\151\000\157\000\156\000\141\000\154\000\040\000\122\000\145\000\161\000\165\000\151\000\162\000\145\000\155\000\145\000\156\000\164\000\163}{chapter.19}% 14
\BOOKMARK [1][-]{section.21}{\376\377\000\062\000\056\000\062\000\040\000\116\000\157\000\156\000\055\000\146\000\165\000\156\000\143\000\164\000\151\000\157\000\156\000\141\000\154\000\040\000\122\000\145\000\161\000\165\000\151\000\162\000\145\000\155\000\145\000\156\000\164\000\163}{chapter.19}% 15
\BOOKMARK [0][-]{chapter.22}{\376\377\000\063\000\040\000\120\000\162\000\157\000\152\000\145\000\143\000\164\000\040\000\104\000\145\000\163\000\151\000\147\000\156}{}% 16
\BOOKMARK [1][-]{section.23}{\376\377\000\063\000\056\000\061\000\040\000\115\000\145\000\164\000\150\000\157\000\144\000\157\000\154\000\157\000\147\000\171}{chapter.22}% 17
\BOOKMARK [1][-]{section.24}{\376\377\000\063\000\056\000\062\000\040\000\101\000\162\000\143\000\150\000\151\000\164\000\145\000\143\000\164\000\165\000\162\000\145\000\040\000\117\000\166\000\145\000\162\000\166\000\151\000\145\000\167}{chapter.22}% 18
\BOOKMARK [1][-]{section.25}{\376\377\000\063\000\056\000\063\000\040\000\104\000\145\000\163\000\151\000\147\000\156\000\040\000\104\000\145\000\163\000\143\000\162\000\151\000\160\000\164\000\151\000\157\000\156}{chapter.22}% 19
\BOOKMARK [0][-]{chapter.27}{\376\377\000\064\000\040\000\111\000\155\000\160\000\154\000\145\000\155\000\145\000\156\000\164\000\141\000\164\000\151\000\157\000\156\000\040\000\141\000\156\000\144\000\040\000\105\000\166\000\141\000\154\000\165\000\141\000\164\000\151\000\157\000\156}{}% 20
\BOOKMARK [1][-]{section.28}{\376\377\000\064\000\056\000\061\000\040\000\104\000\145\000\166\000\145\000\154\000\157\000\160\000\155\000\145\000\156\000\164\000\040\000\123\000\164\000\141\000\147\000\145\000\163\000\040}{chapter.27}% 21
\BOOKMARK [2][-]{subsection.29}{\376\377\000\064\000\056\000\061\000\056\000\061\000\040\000\123\000\164\000\141\000\147\000\145\000\040\000\141\000\142\000\143\000\056\000\056}{section.28}% 22
\BOOKMARK [2][-]{subsection.30}{\376\377\000\064\000\056\000\061\000\056\000\062\000\040\000\123\000\164\000\141\000\147\000\145\000\040\000\144\000\145\000\146\000\056\000\056}{section.28}% 23
\BOOKMARK [1][-]{section.31}{\376\377\000\064\000\056\000\062\000\040\000\123\000\171\000\163\000\164\000\145\000\155\000\040\000\111\000\156\000\164\000\145\000\147\000\162\000\141\000\164\000\151\000\157\000\156\000\040}{chapter.27}% 24
\BOOKMARK [1][-]{section.32}{\376\377\000\064\000\056\000\063\000\040\000\125\000\163\000\145\000\162\000\040\000\111\000\156\000\164\000\145\000\162\000\146\000\141\000\143\000\145}{chapter.27}% 25
\BOOKMARK [1][-]{section.33}{\376\377\000\064\000\056\000\064\000\040\000\105\000\166\000\141\000\154\000\165\000\141\000\164\000\151\000\157\000\156}{chapter.27}% 26
\BOOKMARK [1][-]{section.34}{\376\377\000\064\000\056\000\065\000\040\000\125\000\156\000\151\000\164\000\040\000\124\000\145\000\163\000\164\000\151\000\156\000\147}{chapter.27}% 27
\BOOKMARK [1][-]{section.35}{\376\377\000\064\000\056\000\066\000\040\000\106\000\165\000\156\000\143\000\164\000\151\000\157\000\156\000\141\000\154\000\040\000\124\000\145\000\163\000\164\000\151\000\156\000\147}{chapter.27}% 28
\BOOKMARK [2][-]{subsection.36}{\376\377\000\064\000\056\000\066\000\056\000\061\000\040\000\124\000\145\000\163\000\164\000\151\000\156\000\147\000\040\000\122\000\145\000\161\000\165\000\151\000\162\000\145\000\155\000\145\000\156\000\164\000\163}{section.35}% 29
\BOOKMARK [1][-]{section.37}{\376\377\000\064\000\056\000\067\000\040\000\122\000\145\000\161\000\165\000\151\000\162\000\145\000\155\000\145\000\156\000\164\000\163}{chapter.27}% 30
\BOOKMARK [2][-]{subsection.52}{\376\377\000\064\000\056\000\067\000\056\000\061\000\040\000\101\000\143\000\143\000\165\000\162\000\141\000\164\000\145\000\040\000\123\000\160\000\145\000\143\000\151\000\146\000\151\000\145\000\144\000\040\000\122\000\165\000\156}{section.37}% 31
\BOOKMARK [2][-]{subsection.59}{\376\377\000\064\000\056\000\067\000\056\000\062\000\040\000\123\000\171\000\156\000\143\000\150\000\162\000\157\000\156\000\151\000\172\000\145\000\144\000\040\000\123\000\160\000\145\000\143\000\151\000\146\000\151\000\143\000\141\000\164\000\151\000\157\000\156}{section.37}% 32
\BOOKMARK [0][-]{chapter.64}{\376\377\000\065\000\040\000\103\000\157\000\156\000\143\000\154\000\165\000\163\000\151\000\157\000\156\000\040\000\046\000\040\000\106\000\165\000\164\000\165\000\162\000\145\000\040\000\127\000\157\000\162\000\153}{}% 33
\BOOKMARK [1][-]{section.67}{\376\377\000\065\000\056\000\061\000\040\000\103\000\157\000\156\000\143\000\154\000\165\000\163\000\151\000\157\000\156}{chapter.64}% 34
\BOOKMARK [0][-]{appendix.68}{\376\377\000\101\000\040\000\101\000\160\000\160\000\145\000\156\000\144\000\151\000\170\000\040\000\124\000\151\000\164\000\154\000\145\000\040\000\110\000\145\000\162\000\145}{}% 35
\BOOKMARK [0][-]{dummy.69}{\376\377\000\102\000\151\000\142\000\154\000\151\000\157\000\147\000\162\000\141\000\160\000\150\000\171}{}% 36
