\BOOKMARK [0][-]{dummy.1}{\376\377\000D\000e\000c\000l\000a\000r\000a\000t\000i\000o\000n}{}% 1
\BOOKMARK [0][-]{dummy.2}{\376\377\000R\000e\000s\000e\000a\000r\000c\000h\000\040\000C\000o\000m\000p\000l\000e\000t\000i\000o\000n\000\040\000C\000e\000r\000t\000i\000f\000i\000c\000a\000t\000e}{}% 2
\BOOKMARK [0][-]{dummy.3}{\376\377\000A\000c\000k\000n\000o\000w\000l\000e\000d\000g\000e\000m\000e\000n\000t\000s}{}% 3
\BOOKMARK [0][-]{dummy.4}{\376\377\000D\000e\000d\000i\000c\000a\000t\000i\000o\000n}{}% 4
\BOOKMARK [0][-]{dummy.5}{\376\377\000A\000b\000s\000t\000r\000a\000c\000t}{}% 5
\BOOKMARK [0][-]{dummy.6}{\376\377\000C\000o\000n\000t\000e\000n\000t\000s}{}% 6
\BOOKMARK [0][-]{dummy.8}{\376\377\000L\000i\000s\000t\000\040\000o\000f\000\040\000T\000a\000b\000l\000e\000s}{}% 7
\BOOKMARK [0][-]{dummy.10}{\376\377\000L\000i\000s\000t\000\040\000o\000f\000\040\000F\000i\000g\000u\000r\000e\000s}{}% 8
\BOOKMARK [0][-]{chapter.12}{\376\377\0001\000\040\000I\000n\000t\000r\000o\000d\000u\000c\000t\000i\000o\000n}{}% 9
\BOOKMARK [1][-]{section.13}{\376\377\0001\000.\0001\000\040\000I\000n\000t\000r\000o\000d\000u\000c\000t\000i\000o\000n}{chapter.12}% 10
\BOOKMARK [1][-]{section.14}{\376\377\0001\000.\0002\000\040\000P\000r\000o\000j\000e\000c\000t\000\040\000O\000v\000e\000r\000v\000i\000e\000w}{chapter.12}% 11
\BOOKMARK [1][-]{section.15}{\376\377\0001\000.\0003\000\040\000P\000r\000o\000b\000l\000e\000m\000\040\000S\000t\000a\000t\000e\000m\000e\000n\000t}{chapter.12}% 12
\BOOKMARK [1][-]{section.16}{\376\377\0001\000.\0004\000\040\000S\000t\000u\000d\000y\000\040\000L\000i\000m\000i\000t\000a\000t\000i\000o\000n\000s}{chapter.12}% 13
\BOOKMARK [1][-]{section.17}{\376\377\0001\000.\0005\000\040\000L\000i\000t\000e\000r\000a\000t\000u\000r\000e\000\040\000R\000e\000v\000i\000e\000w}{chapter.12}% 14
\BOOKMARK [0][-]{chapter.18}{\376\377\0002\000\040\000R\000e\000q\000u\000i\000r\000e\000m\000e\000n\000t\000\040\000S\000p\000e\000c\000i\000f\000i\000c\000a\000t\000i\000o\000n}{}% 15
\BOOKMARK [1][-]{section.19}{\376\377\0002\000.\0001\000\040\000F\000u\000n\000c\000t\000i\000o\000n\000a\000l\000\040\000R\000e\000q\000u\000i\000r\000e\000m\000e\000n\000t\000s}{chapter.18}% 16
\BOOKMARK [2][-]{subsection.20}{\376\377\0002\000.\0001\000.\0001\000\040\000A\000f\000f\000o\000r\000d\000a\000b\000l\000e\000\040\000O\000n\000l\000i\000n\000e\000\040\000P\000r\000e\000s\000e\000n\000c\000e\000:}{section.19}% 17
\BOOKMARK [2][-]{subsection.21}{\376\377\0002\000.\0001\000.\0002\000\040\000S\000t\000r\000e\000a\000m\000l\000i\000n\000e\000d\000\040\000P\000r\000o\000d\000u\000c\000t\000/\000S\000e\000r\000v\000i\000c\000e\000\040\000I\000n\000t\000e\000g\000r\000a\000t\000i\000o\000n\000:}{section.19}% 18
\BOOKMARK [2][-]{subsection.22}{\376\377\0002\000.\0001\000.\0003\000\040\000E\000n\000h\000a\000n\000c\000e\000d\000\040\000C\000u\000s\000t\000o\000m\000e\000r\000-\000S\000h\000o\000p\000\040\000C\000o\000n\000n\000e\000c\000t\000i\000v\000i\000t\000y\000:}{section.19}% 19
\BOOKMARK [2][-]{subsection.23}{\376\377\0002\000.\0001\000.\0004\000\040\000G\000e\000o\000l\000o\000c\000a\000t\000i\000o\000n\000\040\000F\000e\000a\000t\000u\000r\000e\000s\000:}{section.19}% 20
\BOOKMARK [2][-]{subsection.24}{\376\377\0002\000.\0001\000.\0005\000\040\000D\000e\000l\000i\000v\000e\000r\000y\000\040\000R\000e\000q\000u\000e\000s\000t\000\040\000M\000e\000c\000h\000a\000n\000i\000s\000m\000:}{section.19}% 21
\BOOKMARK [2][-]{subsection.25}{\376\377\0002\000.\0001\000.\0006\000\040\000N\000a\000v\000i\000g\000a\000t\000i\000o\000n\000\040\000A\000s\000s\000i\000s\000t\000a\000n\000c\000e\000:}{section.19}% 22
\BOOKMARK [2][-]{subsection.26}{\376\377\0002\000.\0001\000.\0007\000\040\000U\000s\000e\000r\000\040\000E\000x\000p\000e\000r\000i\000e\000n\000c\000e\000\040\000O\000p\000t\000i\000m\000i\000z\000a\000t\000i\000o\000n\000:}{section.19}% 23
\BOOKMARK [2][-]{subsection.27}{\376\377\0002\000.\0001\000.\0008\000\040\000S\000e\000a\000r\000c\000h\000\040\000H\000i\000s\000t\000o\000r\000y\000\040\000R\000e\000c\000o\000r\000d\000i\000n\000g\000:}{section.19}% 24
\BOOKMARK [2][-]{subsection.28}{\376\377\0002\000.\0001\000.\0009\000\040\000C\000o\000m\000p\000r\000e\000h\000e\000n\000s\000i\000v\000e\000\040\000S\000e\000a\000r\000c\000h\000\040\000R\000e\000s\000u\000l\000t\000s\000:}{section.19}% 25
\BOOKMARK [2][-]{subsection.29}{\376\377\0002\000.\0001\000.\0001\0000\000\040\000F\000l\000e\000x\000i\000b\000l\000e\000\040\000R\000e\000s\000u\000l\000t\000\040\000F\000i\000l\000t\000e\000r\000i\000n\000g\000:}{section.19}% 26
\BOOKMARK [2][-]{subsection.30}{\376\377\0002\000.\0001\000.\0001\0001\000\040\000D\000e\000l\000i\000v\000e\000r\000y\000\040\000R\000e\000q\000u\000e\000s\000t\000s\000\040\000f\000o\000r\000\040\000P\000r\000o\000d\000u\000c\000t\000s\000:}{section.19}% 27
\BOOKMARK [2][-]{subsection.31}{\376\377\0002\000.\0001\000.\0001\0002\000\040\000N\000a\000v\000i\000g\000a\000t\000i\000o\000n\000\040\000t\000o\000\040\000S\000h\000o\000p\000s\000:}{section.19}% 28
\BOOKMARK [2][-]{subsection.32}{\376\377\0002\000.\0001\000.\0001\0003\000\040\000C\000a\000t\000e\000g\000o\000r\000y\000-\000B\000a\000s\000e\000d\000\040\000E\000x\000p\000l\000o\000r\000a\000t\000i\000o\000n\000:}{section.19}% 29
\BOOKMARK [1][-]{section.33}{\376\377\0002\000.\0002\000\040\000N\000o\000n\000-\000f\000u\000n\000c\000t\000i\000o\000n\000a\000l\000\040\000R\000e\000q\000u\000i\000r\000e\000m\000e\000n\000t\000s}{chapter.18}% 30
\BOOKMARK [2][-]{subsubsection.34}{\376\377\0002\000.\0002\000.\0000\000.\0001\000\040\000P\000e\000r\000f\000o\000r\000m\000a\000n\000c\000e}{section.33}% 31
\BOOKMARK [3][-]{subsubsection.35}{\376\377\0002\000.\0002\000.\0000\000.\0002\000\040\000U\000s\000e\000r\000\040\000I\000n\000t\000e\000r\000f\000a\000c\000e\000\040\000\050\000U\000I\000\051\000\040\000a\000n\000d\000\040\000U\000s\000e\000r\000\040\000E\000x\000p\000e\000r\000i\000e\000n\000c\000e\000\040\000\050\000U\000X\000\051}{subsubsection.34}% 32
\BOOKMARK [3][-]{subsubsection.36}{\376\377\0002\000.\0002\000.\0000\000.\0003\000\040\000C\000o\000m\000p\000a\000t\000i\000b\000i\000l\000i\000t\000y}{subsubsection.34}% 33
\BOOKMARK [3][-]{subsubsection.37}{\376\377\0002\000.\0002\000.\0000\000.\0004\000\040\000S\000c\000a\000l\000a\000b\000i\000l\000i\000t\000y}{subsubsection.34}% 34
\BOOKMARK [3][-]{subsubsection.38}{\376\377\0002\000.\0002\000.\0000\000.\0005\000\040\000A\000c\000c\000e\000s\000s\000i\000b\000i\000l\000i\000t\000y}{subsubsection.34}% 35
\BOOKMARK [3][-]{subsubsection.39}{\376\377\0002\000.\0002\000.\0000\000.\0006\000\040\000I\000m\000a\000g\000e\000\040\000S\000t\000o\000r\000a\000g\000e}{subsubsection.34}% 36
\BOOKMARK [3][-]{subsubsection.40}{\376\377\0002\000.\0002\000.\0000\000.\0007\000\040\000D\000a\000t\000a\000b\000a\000s\000e\000\040\000M\000a\000n\000a\000g\000e\000m\000e\000n\000t}{subsubsection.34}% 37
\BOOKMARK [3][-]{subsubsection.41}{\376\377\0002\000.\0002\000.\0000\000.\0008\000\040\000R\000e\000s\000p\000o\000n\000s\000e\000\040\000T\000i\000m\000e}{subsubsection.34}% 38
\BOOKMARK [3][-]{subsubsection.42}{\376\377\0002\000.\0002\000.\0000\000.\0009\000\040\000R\000e\000l\000i\000a\000b\000i\000l\000i\000t\000y}{subsubsection.34}% 39
\BOOKMARK [0][-]{chapter.43}{\376\377\0003\000\040\000P\000r\000o\000j\000e\000c\000t\000\040\000D\000e\000s\000i\000g\000n}{}% 40
\BOOKMARK [1][-]{section.44}{\376\377\0003\000.\0001\000\040\000M\000e\000t\000h\000o\000d\000o\000l\000o\000g\000y}{chapter.43}% 41
\BOOKMARK [2][-]{subsection.46}{\376\377\0003\000.\0001\000.\0001\000\040\000I\000n\000i\000t\000i\000a\000l\000\040\000P\000l\000a\000n\000n\000i\000n\000g}{section.44}% 42
\BOOKMARK [2][-]{subsection.47}{\376\377\0003\000.\0001\000.\0002\000\040\000P\000l\000a\000n\000n\000i\000n\000g}{section.44}% 43
\BOOKMARK [2][-]{subsection.48}{\376\377\0003\000.\0001\000.\0003\000\040\000R\000e\000q\000u\000i\000r\000e\000m\000e\000n\000t\000s\000\040\000A\000n\000a\000l\000y\000s\000i\000s\000\040\000a\000n\000d\000\040\000D\000e\000s\000i\000g\000n}{section.44}% 44
\BOOKMARK [2][-]{subsection.49}{\376\377\0003\000.\0001\000.\0004\000\040\000I\000m\000p\000l\000e\000m\000e\000n\000t\000a\000t\000i\000o\000n\000\040\000a\000n\000d\000\040\000D\000e\000v\000e\000l\000o\000p\000m\000e\000n\000t}{section.44}% 45
\BOOKMARK [2][-]{subsection.50}{\376\377\0003\000.\0001\000.\0005\000\040\000T\000e\000s\000t\000i\000n\000g}{section.44}% 46
\BOOKMARK [2][-]{subsection.51}{\376\377\0003\000.\0001\000.\0006\000\040\000E\000v\000a\000l\000u\000a\000t\000i\000o\000n}{section.44}% 47
\BOOKMARK [2][-]{subsection.52}{\376\377\0003\000.\0001\000.\0007\000\040\000S\000u\000m\000m\000a\000r\000y}{section.44}% 48
\BOOKMARK [1][-]{section.53}{\376\377\0003\000.\0002\000\040\000A\000r\000c\000h\000i\000t\000e\000c\000t\000u\000r\000e\000\040\000O\000v\000e\000r\000v\000i\000e\000w}{chapter.43}% 49
\BOOKMARK [2][-]{subsection.55}{\376\377\0003\000.\0002\000.\0001\000\040\000E\000n\000t\000i\000t\000y\000\040\000R\000e\000l\000a\000t\000i\000o\000n\000s\000h\000i\000p\000\040\000D\000i\000a\000g\000r\000a\000m\000\040\000\050\000E\000R\000D\000\051\000\040}{section.53}% 50
\BOOKMARK [1][-]{section.58}{\376\377\0003\000.\0003\000\040\000D\000e\000s\000i\000g\000n\000\040\000D\000e\000s\000c\000r\000i\000p\000t\000i\000o\000n}{chapter.43}% 52
\BOOKMARK [2][-]{subsection.57}{\376\377\0003\000.\0002\000.\0002\000\040\000C\000l\000a\000s\000s\000\040\000D\000i\000a\000g\000r\000a\000m\000\040\000\050\000U\000M\000L\000\051\000\040}{section.53}% 51
\BOOKMARK [0][-]{chapter.59}{\376\377\0004\000\040\000I\000m\000p\000l\000e\000m\000e\000n\000t\000a\000t\000i\000o\000n\000\040\000a\000n\000d\000\040\000E\000v\000a\000l\000u\000a\000t\000i\000o\000n}{}% 53
\BOOKMARK [1][-]{section.60}{\376\377\0004\000.\0001\000\040\000D\000e\000v\000e\000l\000o\000p\000m\000e\000n\000t\000\040\000S\000t\000a\000g\000e\000s\000\040}{chapter.59}% 54
\BOOKMARK [2][-]{subsection.61}{\376\377\0004\000.\0001\000.\0001\000\040\000S\000t\000r\000a\000t\000e\000g\000y\000\040\000S\000t\000a\000g\000e}{section.60}% 55
\BOOKMARK [1][-]{section.62}{\376\377\0004\000.\0002\000\040\000I\000m\000p\000l\000e\000m\000e\000n\000t\000a\000t\000i\000o\000n}{chapter.59}% 56
\BOOKMARK [2][-]{subsection.63}{\376\377\0004\000.\0002\000.\0001\000\040\000T\000o\000o\000l\000s\000\040\000a\000n\000d\000\040\000T\000e\000c\000h\000n\000o\000l\000o\000g\000i\000e\000s}{section.62}% 57
\BOOKMARK [1][-]{section.80}{\376\377\0004\000.\0003\000\040\000S\000y\000s\000t\000e\000m\000\040\000I\000n\000t\000e\000g\000r\000a\000t\000i\000o\000n}{chapter.59}% 58
\BOOKMARK [1][-]{section.81}{\376\377\0004\000.\0004\000\040\000U\000s\000e\000r\000\040\000I\000n\000t\000e\000r\000f\000a\000c\000e}{chapter.59}% 59
\BOOKMARK [2][-]{subsection.83}{\376\377\0004\000.\0004\000.\0001\000\040\000L\000o\000g\000i\000n}{section.81}% 60
\BOOKMARK [2][-]{subsection.85}{\376\377\0004\000.\0004\000.\0002\000\040\000R\000e\000g\000i\000s\000t\000e\000r}{section.81}% 61
\BOOKMARK [2][-]{subsection.87}{\376\377\0004\000.\0004\000.\0003\000\040\000F\000o\000r\000g\000o\000t\000\040\000P\000a\000s\000s\000w\000o\000r\000d}{section.81}% 62
\BOOKMARK [2][-]{subsection.89}{\376\377\0004\000.\0004\000.\0004\000\040\000P\000r\000o\000f\000i\000l\000e}{section.81}% 63
\BOOKMARK [2][-]{subsection.91}{\376\377\0004\000.\0004\000.\0005\000\040\000P\000r\000o\000f\000i\000l\000e\000\040\000E\000d\000i\000t}{section.81}% 64
\BOOKMARK [2][-]{subsection.93}{\376\377\0004\000.\0004\000.\0006\000\040\000S\000e\000l\000l\000e\000r\000\040\000D\000a\000s\000h\000b\000o\000a\000r\000d}{section.81}% 65
\BOOKMARK [2][-]{subsection.95}{\376\377\0004\000.\0004\000.\0007\000\040\000S\000e\000l\000l\000e\000r\000\040\000S\000h\000o\000p\000s}{section.81}% 66
\BOOKMARK [2][-]{subsection.97}{\376\377\0004\000.\0004\000.\0008\000\040\000S\000e\000l\000l\000e\000r\000\040\000S\000h\000o\000p\000\040\000C\000r\000e\000a\000t\000e}{section.81}% 67
\BOOKMARK [2][-]{subsection.99}{\376\377\0004\000.\0004\000.\0009\000\040\000S\000e\000l\000l\000e\000r\000\040\000A\000d\000d\000\040\000P\000r\000o\000d\000u\000c\000t}{section.81}% 68
\BOOKMARK [2][-]{subsection.101}{\376\377\0004\000.\0004\000.\0001\0000\000\040\000S\000e\000l\000l\000e\000r\000\040\000A\000d\000d\000\040\000S\000e\000r\000v\000i\000c\000e}{section.81}% 69
\BOOKMARK [2][-]{subsection.103}{\376\377\0004\000.\0004\000.\0001\0001\000\040\000S\000e\000l\000l\000e\000r\000\040\000P\000r\000o\000d\000u\000c\000t\000s\000\040\000a\000n\000d\000\040\000S\000e\000r\000v\000i\000c\000e\000s\000\040\000L\000i\000s\000t\000i\000n\000g}{section.81}% 70
\BOOKMARK [2][-]{subsection.105}{\376\377\0004\000.\0004\000.\0001\0002\000\040\000C\000u\000s\000t\000o\000m\000e\000r\000\040\000H\000o\000m\000e}{section.81}% 71
\BOOKMARK [2][-]{subsection.107}{\376\377\0004\000.\0004\000.\0001\0003\000\040\000C\000u\000s\000t\000o\000m\000e\000r\000\040\000S\000e\000a\000r\000c\000h\000i\000n\000g\000\040\000A\000r\000o\000u\000n\000d}{section.81}% 72
\BOOKMARK [2][-]{subsection.109}{\376\377\0004\000.\0004\000.\0001\0004\000\040\000C\000u\000s\000t\000o\000m\000e\000r\000\040\000R\000e\000q\000u\000e\000s\000t\000i\000n\000g\000\040\000O\000r\000d\000e\000r}{section.81}% 73
\BOOKMARK [2][-]{subsection.111}{\376\377\0004\000.\0004\000.\0001\0005\000\040\000C\000u\000s\000t\000o\000m\000e\000r\000\040\000O\000r\000d\000e\000r\000\040\000R\000e\000q\000u\000e\000s\000t\000s\000\040\000H\000i\000s\000t\000o\000r\000y}{section.81}% 74
\BOOKMARK [2][-]{subsection.113}{\376\377\0004\000.\0004\000.\0001\0006\000\040\000C\000u\000s\000t\000o\000m\000e\000r\000\040\000F\000a\000v\000o\000r\000i\000t\000e\000s}{section.81}% 75
\BOOKMARK [2][-]{subsection.115}{\376\377\0004\000.\0004\000.\0001\0007\000\040\000D\000a\000r\000k\000\040\000M\000o\000d\000e}{section.81}% 76
\BOOKMARK [1][-]{section.116}{\376\377\0004\000.\0005\000\040\000H\000a\000r\000d\000w\000a\000r\000e\000\040\000I\000n\000t\000e\000r\000f\000a\000c\000e}{chapter.59}% 77
\BOOKMARK [2][-]{subsection.117}{\376\377\0004\000.\0005\000.\0001\000\040\000H\000a\000r\000d\000w\000a\000r\000e\000\040\000R\000e\000q\000u\000i\000r\000e\000m\000e\000n\000t\000s}{section.116}% 78
\BOOKMARK [1][-]{section.118}{\376\377\0004\000.\0006\000\040\000E\000v\000a\000l\000u\000a\000t\000i\000o\000n}{chapter.59}% 79
\BOOKMARK [1][-]{section.119}{\376\377\0004\000.\0007\000\040\000U\000n\000i\000t\000\040\000T\000e\000s\000t\000i\000n\000g}{chapter.59}% 80
\BOOKMARK [2][-]{subsection.120}{\376\377\0004\000.\0007\000.\0001\000\040\000F\000r\000o\000n\000t\000e\000n\000d\000\040\000C\000o\000m\000p\000o\000n\000e\000n\000t\000s}{section.119}% 81
\BOOKMARK [2][-]{subsection.121}{\376\377\0004\000.\0007\000.\0002\000\040\000B\000a\000c\000k\000e\000n\000d\000\040\000A\000P\000I\000\040\000E\000n\000d\000p\000o\000i\000n\000t\000s}{section.119}% 82
\BOOKMARK [2][-]{subsection.122}{\376\377\0004\000.\0007\000.\0003\000\040\000D\000a\000t\000a\000b\000a\000s\000e\000\040\000I\000n\000t\000e\000r\000a\000c\000t\000i\000o\000n\000s}{section.119}% 83
\BOOKMARK [2][-]{subsection.123}{\376\377\0004\000.\0007\000.\0004\000\040\000I\000n\000t\000e\000g\000r\000a\000t\000i\000o\000n\000\040\000T\000e\000s\000t\000i\000n\000g}{section.119}% 84
\BOOKMARK [2][-]{subsection.124}{\376\377\0004\000.\0007\000.\0005\000\040\000E\000r\000r\000o\000r\000\040\000H\000a\000n\000d\000l\000i\000n\000g\000\040\000a\000n\000d\000\040\000E\000d\000g\000e\000\040\000C\000a\000s\000e\000s}{section.119}% 85
\BOOKMARK [1][-]{section.125}{\376\377\0004\000.\0008\000\040\000T\000e\000s\000t\000\040\000C\000a\000s\000e\000s}{chapter.59}% 86
\BOOKMARK [2][-]{subsection.126}{\376\377\0004\000.\0008\000.\0001\000\040\000F\000r\000o\000n\000t\000e\000n\000d\000\040\000C\000o\000m\000p\000o\000n\000e\000n\000t\000s}{section.125}% 87
\BOOKMARK [3][-]{subsubsection.128}{\376\377\0004\000.\0008\000.\0001\000.\0001\000\040\000T\000e\000s\000t\000\040\000C\000a\000s\000e\000\040\0001\000:\000\040\000U\000s\000e\000r\000\040\000R\000e\000g\000i\000s\000t\000r\000a\000t\000i\000o\000n\000\040\000F\000o\000r\000m\000\040\000V\000a\000l\000i\000d\000a\000t\000i\000o\000n}{subsection.126}% 88
\BOOKMARK [3][-]{subsubsection.133}{\376\377\0004\000.\0008\000.\0001\000.\0002\000\040\000T\000e\000s\000t\000\040\000C\000a\000s\000e\000\040\0002\000:\000\040\000P\000r\000o\000d\000u\000c\000t\000/\000S\000e\000r\000v\000i\000c\000e\000\040\000I\000m\000a\000g\000e\000\040\000U\000p\000l\000o\000a\000d\000i\000n\000g\000\040\000\046\000\040\000R\000e\000c\000o\000g\000n\000i\000t\000i\000o\000n}{subsection.126}% 89
\BOOKMARK [3][-]{subsubsection.140}{\376\377\0004\000.\0008\000.\0001\000.\0003\000\040\000T\000e\000s\000t\000\040\000C\000a\000s\000e\000\040\0003\000:\000\040\000P\000r\000o\000d\000u\000c\000t\000/\000S\000e\000r\000v\000i\000c\000e\000\040\000C\000o\000m\000p\000o\000n\000e\000n\000t\000\040\000R\000e\000n\000d\000e\000r\000i\000n\000g}{subsection.126}% 90
\BOOKMARK [3][-]{subsubsection.144}{\376\377\0004\000.\0008\000.\0001\000.\0004\000\040\000T\000e\000s\000t\000\040\000C\000a\000s\000e\000\040\0004\000:\000\040\000O\000r\000d\000e\000r\000\040\000R\000e\000q\000u\000e\000s\000t\000\040\000w\000i\000t\000h\000\040\000M\000e\000s\000s\000a\000g\000e}{subsection.126}% 91
\BOOKMARK [3][-]{subsubsection.150}{\376\377\0004\000.\0008\000.\0001\000.\0005\000\040\000T\000e\000s\000t\000\040\000C\000a\000s\000e\000\040\0005\000:\000\040\000S\000e\000a\000r\000c\000h\000\040\000B\000o\000x\000\040\000F\000u\000n\000c\000t\000i\000o\000n\000a\000l\000i\000t\000y}{subsection.126}% 92
\BOOKMARK [2][-]{subsection.154}{\376\377\0004\000.\0008\000.\0002\000\040\000B\000a\000c\000k\000e\000n\000d\000\040\000A\000P\000I\000\040\000E\000n\000d\000p\000o\000i\000n\000t\000s}{section.125}% 93
\BOOKMARK [3][-]{subsubsection.156}{\376\377\0004\000.\0008\000.\0002\000.\0001\000\040\000T\000e\000s\000t\000\040\000C\000a\000s\000e\000\040\0006\000:\000\040\000R\000e\000s\000p\000o\000n\000s\000e\000\040\000o\000f\000\040\000P\000r\000o\000d\000u\000c\000t\000\040\000L\000i\000s\000t\000i\000n\000g\000\040\000E\000n\000d\000p\000o\000i\000n\000t}{subsection.154}% 94
\BOOKMARK [3][-]{subsubsection.160}{\376\377\0004\000.\0008\000.\0002\000.\0002\000\040\000T\000e\000s\000t\000\040\000C\000a\000s\000e\000\040\0007\000:\000\040\000E\000r\000r\000o\000r\000\040\000H\000a\000n\000d\000l\000i\000n\000g\000\040\000o\000f\000\040\000I\000n\000v\000a\000l\000i\000d\000\040\000R\000e\000q\000u\000e\000s\000t}{subsection.154}% 95
\BOOKMARK [2][-]{subsection.163}{\376\377\0004\000.\0008\000.\0003\000\040\000D\000a\000t\000a\000b\000a\000s\000e\000\040\000I\000n\000t\000e\000r\000a\000c\000t\000i\000o\000n\000s}{section.125}% 96
\BOOKMARK [3][-]{subsubsection.165}{\376\377\0004\000.\0008\000.\0003\000.\0001\000\040\000T\000e\000s\000t\000\040\000C\000a\000s\000e\000\040\0008\000:\000\040\000P\000r\000o\000d\000u\000c\000t\000\040\000D\000a\000t\000a\000\040\000R\000e\000t\000r\000i\000e\000v\000a\000l}{subsection.163}% 97
\BOOKMARK [3][-]{subsubsection.169}{\376\377\0004\000.\0008\000.\0003\000.\0002\000\040\000T\000e\000s\000t\000\040\000C\000a\000s\000e\000\040\0009\000:\000\040\000A\000d\000d\000i\000n\000g\000\040\000N\000e\000w\000\040\000P\000r\000o\000d\000u\000c\000t}{subsection.163}% 98
\BOOKMARK [2][-]{subsection.173}{\376\377\0004\000.\0008\000.\0004\000\040\000I\000n\000t\000e\000g\000r\000a\000t\000i\000o\000n\000\040\000T\000e\000s\000t\000i\000n\000g}{section.125}% 99
\BOOKMARK [3][-]{subsubsection.175}{\376\377\0004\000.\0008\000.\0004\000.\0001\000\040\000T\000e\000s\000t\000\040\000C\000a\000s\000e\000\040\0001\0000\000:\000\040\000I\000n\000t\000e\000g\000r\000a\000t\000i\000o\000n\000\040\000o\000f\000\040\000U\000s\000e\000r\000\040\000A\000u\000t\000h\000e\000n\000t\000i\000c\000a\000t\000i\000o\000n}{subsection.173}% 100
\BOOKMARK [3][-]{subsubsection.180}{\376\377\0004\000.\0008\000.\0004\000.\0002\000\040\000T\000e\000s\000t\000\040\000C\000a\000s\000e\000\040\0001\0001\000:\000\040\000I\000n\000t\000e\000g\000r\000a\000t\000i\000o\000n\000\040\000o\000f\000\040\000P\000r\000o\000d\000u\000c\000t\000\040\000L\000i\000s\000t\000i\000n\000g}{subsection.173}% 101
\BOOKMARK [2][-]{subsection.183}{\376\377\0004\000.\0008\000.\0005\000\040\000E\000r\000r\000o\000r\000\040\000H\000a\000n\000d\000l\000i\000n\000g\000\040\000a\000n\000d\000\040\000E\000d\000g\000e\000\040\000C\000a\000s\000e\000s}{section.125}% 102
\BOOKMARK [3][-]{subsubsection.185}{\376\377\0004\000.\0008\000.\0005\000.\0001\000\040\000T\000e\000s\000t\000\040\000C\000a\000s\000e\000\040\0001\0002\000:\000\040\000I\000n\000v\000a\000l\000i\000d\000\040\000U\000s\000e\000r\000\040\000A\000u\000t\000h\000e\000n\000t\000i\000c\000a\000t\000i\000o\000n}{subsection.183}% 103
\BOOKMARK [3][-]{subsubsection.190}{\376\377\0004\000.\0008\000.\0005\000.\0002\000\040\000T\000e\000s\000t\000\040\000C\000a\000s\000e\000\040\0001\0003\000:\000\040\000P\000r\000o\000d\000u\000c\000t\000\040\000L\000i\000s\000t\000i\000n\000g\000\040\000E\000m\000p\000t\000y}{subsection.183}% 104
\BOOKMARK [3][-]{subsubsection.194}{\376\377\0004\000.\0008\000.\0005\000.\0003\000\040\000T\000e\000s\000t\000\040\000C\000a\000s\000e\000\040\0001\0004\000:\000\040\000I\000n\000v\000a\000l\000i\000d\000\040\000P\000r\000o\000d\000u\000c\000t\000\040\000A\000d\000d\000i\000t\000i\000o\000n}{subsection.183}% 105
\BOOKMARK [1][-]{section.198}{\376\377\0004\000.\0009\000\040\000F\000u\000n\000c\000t\000i\000o\000n\000a\000l\000\040\000T\000e\000s\000t\000i\000n\000g}{chapter.59}% 106
\BOOKMARK [2][-]{subsection.199}{\376\377\0004\000.\0009\000.\0001\000\040\000U\000s\000e\000r\000\040\000A\000u\000t\000h\000e\000n\000t\000i\000c\000a\000t\000i\000o\000n\000\040\000a\000n\000d\000\040\000A\000u\000t\000h\000o\000r\000i\000z\000a\000t\000i\000o\000n}{section.198}% 107
\BOOKMARK [2][-]{subsection.200}{\376\377\0004\000.\0009\000.\0002\000\040\000P\000r\000o\000d\000u\000c\000t\000\040\000a\000n\000d\000\040\000S\000e\000r\000v\000i\000c\000e\000\040\000L\000i\000s\000t\000i\000n\000g\000s}{section.198}% 108
\BOOKMARK [2][-]{subsection.201}{\376\377\0004\000.\0009\000.\0003\000\040\000O\000r\000d\000e\000r\000\040\000P\000l\000a\000c\000e\000m\000e\000n\000t\000\040\000a\000n\000d\000\040\000M\000a\000n\000a\000g\000e\000m\000e\000n\000t}{section.198}% 109
\BOOKMARK [2][-]{subsection.202}{\376\377\0004\000.\0009\000.\0004\000\040\000L\000o\000c\000a\000t\000i\000o\000n\000-\000B\000a\000s\000e\000d\000\040\000F\000e\000a\000t\000u\000r\000e\000s}{section.198}% 110
\BOOKMARK [2][-]{subsection.203}{\376\377\0004\000.\0009\000.\0005\000\040\000S\000e\000a\000r\000c\000h\000\040\000a\000n\000d\000\040\000F\000i\000l\000t\000e\000r\000i\000n\000g}{section.198}% 111
\BOOKMARK [2][-]{subsection.204}{\376\377\0004\000.\0009\000.\0006\000\040\000E\000r\000r\000o\000r\000\040\000H\000a\000n\000d\000l\000i\000n\000g}{section.198}% 112
\BOOKMARK [2][-]{subsection.205}{\376\377\0004\000.\0009\000.\0007\000\040\000U\000I\000/\000U\000X\000\040\000T\000e\000s\000t\000i\000n\000g}{section.198}% 113
\BOOKMARK [2][-]{subsection.206}{\376\377\0004\000.\0009\000.\0008\000\040\000T\000e\000s\000t\000i\000n\000g\000\040\000R\000e\000q\000u\000i\000r\000e\000m\000e\000n\000t\000s}{section.198}% 114
\BOOKMARK [3][-]{subsubsection.207}{\376\377\0004\000.\0009\000.\0008\000.\0001\000\040\000U\000s\000e\000r\000\040\000A\000u\000t\000h\000e\000n\000t\000i\000c\000a\000t\000i\000o\000n\000:}{subsection.206}% 115
\BOOKMARK [3][-]{subsubsection.208}{\376\377\0004\000.\0009\000.\0008\000.\0002\000\040\000P\000r\000o\000d\000u\000c\000t\000\040\000a\000n\000d\000\040\000S\000e\000r\000v\000i\000c\000e\000\040\000L\000i\000s\000t\000i\000n\000g\000s\000:}{subsection.206}% 116
\BOOKMARK [3][-]{subsubsection.209}{\376\377\0004\000.\0009\000.\0008\000.\0003\000\040\000O\000r\000d\000e\000r\000s\000\040\000M\000a\000n\000a\000g\000e\000m\000e\000n\000t\000:}{subsection.206}% 117
\BOOKMARK [3][-]{subsubsection.210}{\376\377\0004\000.\0009\000.\0008\000.\0004\000\040\000L\000o\000c\000a\000t\000i\000o\000n\000-\000B\000a\000s\000e\000d\000\040\000F\000e\000a\000t\000u\000r\000e\000s\000:}{subsection.206}% 118
\BOOKMARK [3][-]{subsubsection.211}{\376\377\0004\000.\0009\000.\0008\000.\0005\000\040\000S\000e\000a\000r\000c\000h\000\040\000a\000n\000d\000\040\000F\000i\000l\000t\000e\000r\000i\000n\000g\000:}{subsection.206}% 119
\BOOKMARK [3][-]{subsubsection.212}{\376\377\0004\000.\0009\000.\0008\000.\0006\000\040\000E\000r\000r\000o\000r\000\040\000H\000a\000n\000d\000l\000i\000n\000g\000:}{subsection.206}% 120
\BOOKMARK [3][-]{subsubsection.213}{\376\377\0004\000.\0009\000.\0008\000.\0007\000\040\000U\000I\000/\000U\000X\000\040\000T\000e\000s\000t\000i\000n\000g\000:}{subsection.206}% 121
\BOOKMARK [0][-]{chapter.214}{\376\377\0005\000\040\000C\000o\000n\000c\000l\000u\000s\000i\000o\000n\000\040\000\046\000\040\000F\000u\000t\000u\000r\000e\000\040\000W\000o\000r\000k}{}% 122
\BOOKMARK [1][-]{section.215}{\376\377\0005\000.\0001\000\040\000C\000o\000n\000c\000l\000u\000s\000i\000o\000n}{chapter.214}% 123
\BOOKMARK [1][-]{section.216}{\376\377\0005\000.\0002\000\040\000F\000u\000t\000u\000r\000e\000\040\000W\000o\000r\000k}{chapter.214}% 124
\BOOKMARK [2][-]{subsection.217}{\376\377\0005\000.\0002\000.\0001\000\040\000E\000n\000h\000a\000n\000c\000e\000d\000\040\000U\000s\000e\000r\000\040\000E\000x\000p\000e\000r\000i\000e\000n\000c\000e\000:}{section.216}% 125
\BOOKMARK [2][-]{subsection.218}{\376\377\0005\000.\0002\000.\0002\000\040\000M\000a\000c\000h\000i\000n\000e\000\040\000L\000e\000a\000r\000n\000i\000n\000g\000\040\000I\000n\000t\000e\000g\000r\000a\000t\000i\000o\000n\000:}{section.216}% 126
\BOOKMARK [2][-]{subsection.219}{\376\377\0005\000.\0002\000.\0003\000\040\000F\000a\000c\000i\000a\000l\000\040\000R\000e\000c\000o\000g\000n\000i\000t\000i\000o\000n}{section.216}% 127
\BOOKMARK [2][-]{subsection.220}{\376\377\0005\000.\0002\000.\0004\000\040\000P\000e\000r\000s\000o\000n\000a\000l\000i\000z\000e\000d\000\040\000R\000e\000c\000o\000m\000m\000e\000n\000d\000a\000t\000i\000o\000n\000s\000:}{section.216}% 128
\BOOKMARK [2][-]{subsection.221}{\376\377\0005\000.\0002\000.\0005\000\040\000I\000n\000t\000e\000g\000r\000a\000t\000i\000o\000n\000\040\000o\000f\000\040\000P\000a\000y\000m\000e\000n\000t\000\040\000G\000a\000t\000e\000w\000a\000y\000s\000:}{section.216}% 129
\BOOKMARK [2][-]{subsection.222}{\376\377\0005\000.\0002\000.\0006\000\040\000M\000u\000l\000t\000i\000-\000L\000a\000n\000g\000u\000a\000g\000e\000\040\000S\000u\000p\000p\000o\000r\000t\000:}{section.216}% 130
\BOOKMARK [2][-]{subsection.223}{\376\377\0005\000.\0002\000.\0007\000\040\000R\000e\000a\000l\000-\000T\000i\000m\000e\000\040\000C\000h\000a\000t\000\040\000a\000n\000d\000\040\000C\000u\000s\000t\000o\000m\000e\000r\000\040\000S\000u\000p\000p\000o\000r\000t\000:}{section.216}% 131
\BOOKMARK [2][-]{subsection.224}{\376\377\0005\000.\0002\000.\0008\000\040\000I\000n\000v\000e\000n\000t\000o\000r\000y\000\040\000M\000a\000n\000a\000g\000e\000m\000e\000n\000t\000\040\000S\000y\000s\000t\000e\000m\000:}{section.216}% 132
\BOOKMARK [2][-]{subsection.225}{\376\377\0005\000.\0002\000.\0009\000\040\000S\000o\000c\000i\000a\000l\000\040\000M\000e\000d\000i\000a\000\040\000I\000n\000t\000e\000g\000r\000a\000t\000i\000o\000n\000:}{section.216}% 133
\BOOKMARK [2][-]{subsection.226}{\376\377\0005\000.\0002\000.\0001\0000\000\040\000T\000h\000i\000r\000d\000\040\000P\000a\000r\000t\000y\000\040\000I\000n\000t\000e\000g\000r\000a\000t\000i\000o\000n\000\040\000f\000o\000r\000\040\000S\000i\000g\000n\000-\000i\000n\000:}{section.216}% 134
\BOOKMARK [2][-]{subsection.227}{\376\377\0005\000.\0002\000.\0001\0001\000\040\000I\000n\000t\000e\000g\000r\000a\000t\000i\000o\000n\000\040\000w\000i\000t\000h\000\040\000O\000t\000h\000e\000r\000\040\000E\000-\000c\000o\000m\000m\000e\000r\000c\000e\000\040\000P\000l\000a\000t\000f\000o\000r\000m\000s\000:}{section.216}% 135
\BOOKMARK [2][-]{subsection.228}{\376\377\0005\000.\0002\000.\0001\0002\000\040\000C\000u\000s\000t\000o\000m\000e\000r\000\040\000A\000n\000a\000l\000y\000t\000i\000c\000s\000\040\000D\000a\000s\000h\000b\000o\000a\000r\000d\000:}{section.216}% 136
\BOOKMARK [2][-]{subsection.229}{\376\377\0005\000.\0002\000.\0001\0003\000\040\000M\000o\000b\000i\000l\000e\000\040\000A\000p\000p\000l\000i\000c\000a\000t\000i\000o\000n\000\040\000D\000e\000v\000e\000l\000o\000p\000m\000e\000n\000t\000:}{section.216}% 137
\BOOKMARK [2][-]{subsection.230}{\376\377\0005\000.\0002\000.\0001\0004\000\040\000O\000f\000f\000l\000i\000n\000e\000\040\000A\000c\000c\000e\000s\000s\000\040\000a\000n\000d\000\040\000P\000r\000o\000g\000r\000e\000s\000s\000i\000v\000e\000\040\000W\000e\000b\000\040\000A\000p\000p\000\040\000\050\000P\000W\000A\000\051\000:}{section.216}% 138
\BOOKMARK [2][-]{subsection.231}{\376\377\0005\000.\0002\000.\0001\0005\000\040\000I\000m\000p\000o\000r\000t\000\040\000d\000a\000t\000a\000\040\000f\000r\000o\000m\000\040\000B\000u\000s\000i\000n\000e\000s\000s\000\040\000W\000e\000b\000s\000i\000t\000e\000s\000:}{section.216}% 139
\BOOKMARK [2][-]{subsection.232}{\376\377\0005\000.\0002\000.\0001\0006\000\040\000I\000n\000t\000e\000g\000r\000a\000t\000i\000o\000n\000\040\000w\000i\000t\000h\000\040\000L\000o\000c\000a\000l\000\040\000S\000e\000r\000v\000i\000c\000e\000s\000:}{section.216}% 140
\BOOKMARK [0][-]{dummy.233}{\376\377\000B\000i\000b\000l\000i\000o\000g\000r\000a\000p\000h\000y}{}% 141
